<?xml version="1.0" encoding="UTF-8"?>
<!-- Generated by org.testng.reporters.JUnitReportReporter -->
<testsuite hostname="SanthoshN" failures="0" tests="3" name="chapter4.LearnDataProvider" time="34.827" errors="0" timestamp="31 Jan 2025 15:46:35 GMT" skipped="0">
  <testcase classname="chapter4.LearnDataProvider" name="logintoLetCode" time="9.993"/>
  <testcase classname="chapter4.LearnDataProvider" name="logintoLetCode" time="9.767"/>
  <testcase classname="chapter4.LearnDataProvider" name="logintoLetCode" time="15.067"/>
</testsuite> <!-- chapter4.LearnDataProvider -->
