<?xml version="1.0" encoding="UTF-8"?>
<!-- Generated by org.testng.reporters.JUnitReportReporter -->
<testsuite hostname="SanthoshN" failures="0" tests="1" name="chapter4.CrossBrowser" time="4.817" errors="0" timestamp="11 Jan 2025 14:38:10 GMT" skipped="0">
  <testcase classname="chapter4.CrossBrowser" name="logintoLetCode" time="4.817"/>
</testsuite> <!-- chapter4.CrossBrowser -->
