<?xml version="1.0" encoding="UTF-8"?>
<!-- Generated by org.testng.reporters.JUnitReportReporter -->
<testsuite hostname="SanthoshN" failures="0" tests="3" name="chapter4.WindowHandle" time="4.736" errors="0" timestamp="11 Jan 2025 14:38:10 GMT" skipped="2">
  <testcase classname="chapter4.WindowHandle" name="logintoLetCode" time="4.736"/>
  <testcase classname="chapter4.WindowHandle" name="Buttons">
    <skipped/>
  </testcase> <!-- Buttons -->
  <testcase classname="chapter4.WindowHandle" name="windowHandlings">
    <skipped/>
  </testcase> <!-- windowHandlings -->
</testsuite> <!-- chapter4.WindowHandle -->
