<?xml version="1.0" encoding="UTF-8"?>
<!-- Generated by org.testng.reporters.JUnitReportReporter -->
<testsuite hostname="SanthoshN" failures="0" tests="3" name="chapter4.LearnDataProvider" time="33.699" errors="0" timestamp="19 Jan 2025 12:14:08 GMT" skipped="0">
  <testcase classname="chapter4.LearnDataProvider" name="logintoLetCode" time="11.228"/>
  <testcase classname="chapter4.LearnDataProvider" name="logintoLetCode" time="11.258"/>
  <testcase classname="chapter4.LearnDataProvider" name="logintoLetCode" time="11.213"/>
</testsuite> <!-- chapter4.LearnDataProvider -->
