<?xml version="1.0" encoding="UTF-8"?>
<!-- Generated by org.testng.reporters.JUnitReportReporter -->
<testsuite hostname="SanthoshN" failures="0" tests="1" name="chapter4.Buttons" time="8.531" errors="0" timestamp="11 Jan 2025 14:26:02 GMT" skipped="0">
  <testcase classname="chapter4.Buttons" name="Buttons" time="8.531"/>
</testsuite> <!-- chapter4.Buttons -->
