<?xml version="1.0" encoding="UTF-8"?>
<!-- Generated by org.testng.reporters.JUnitReportReporter -->
<testsuite hostname="SanthoshN" failures="0" tests="2" name="chapter4.CrossBrowser" time="15.880" errors="0" timestamp="29 Jan 2025 17:25:52 GMT" skipped="0">
  <testcase classname="chapter4.CrossBrowser" name="logintoLetCode" time="7.762"/>
  <testcase classname="chapter4.CrossBrowser" name="logintoLetCode" time="8.118"/>
</testsuite> <!-- chapter4.CrossBrowser -->
